<?xml version="1.0" encoding="UTF-8"?>
<!-- Generated by org.testng.reporters.JUnitXMLReporter -->
<testsuite ignored="0" hostname="Pramesh" failures="0" tests="1" name="Test4" time="0.463" errors="0" timestamp="2025-08-28T20:55:18 IST">
  <testcase classname="testbase.BaseTest" name="@BeforeMethod setup" time="0.039">
    <failure type="java.lang.IllegalArgumentException" message="No enum constant com.constants.Browsers.${BROWSERNAME}">
      <![CDATA[java.lang.IllegalArgumentException: No enum constant com.constants.Browsers.${BROWSERNAME}
at java.base/java.lang.Enum.valueOf(Enum.java:293)
at com.constants.Browsers.valueOf(Browsers.java:3)
at testbase.BaseTest.setup(BaseTest.java:83)
at java.base/java.util.ArrayList.forEach(ArrayList.java:1596)
at java.base/java.util.concurrent.FutureTask.run(FutureTask.java:317)
at java.base/java.util.concurrent.ThreadPoolExecutor.runWorker(ThreadPoolExecutor.java:1144)
at java.base/java.util.concurrent.ThreadPoolExecutor$Worker.run(ThreadPoolExecutor.java:642)
at java.base/java.lang.Thread.run(Thread.java:1583)
... Removed 19 stack frames]]>
    </failure>
  </testcase> <!-- @BeforeMethod setup -->
  <testcase classname="testbase.BaseTest" name="@BeforeMethod setup" time="0.039">
    <failure type="java.lang.IllegalArgumentException" message="No enum constant com.constants.Browsers.${BROWSERNAME}">
      <![CDATA[java.lang.IllegalArgumentException: No enum constant com.constants.Browsers.${BROWSERNAME}
at java.base/java.lang.Enum.valueOf(Enum.java:293)
at com.constants.Browsers.valueOf(Browsers.java:3)
at testbase.BaseTest.setup(BaseTest.java:83)
at java.base/java.util.ArrayList.forEach(ArrayList.java:1596)
at java.base/java.util.concurrent.FutureTask.run(FutureTask.java:317)
at java.base/java.util.concurrent.ThreadPoolExecutor.runWorker(ThreadPoolExecutor.java:1144)
at java.base/java.util.concurrent.ThreadPoolExecutor$Worker.run(ThreadPoolExecutor.java:642)
at java.base/java.lang.Thread.run(Thread.java:1583)
... Removed 19 stack frames]]>
    </failure>
  </testcase> <!-- @BeforeMethod setup -->
  <testcase classname="testcases.SearchProductTest" name="@BeforeMethod setupforvalidusers" time="0.0">
    <skipped/>
  </testcase> <!-- @BeforeMethod setupforvalidusers -->
  <testcase classname="testcases.ProductCheckoutTest" name="@BeforeMethod setupforvalidusers" time="0.0">
    <skipped/>
  </testcase> <!-- @BeforeMethod setupforvalidusers -->
  <testcase classname="testbase.BaseTest" name="@AfterMethod teardown" time="0.003">
    <failure type="java.lang.NullPointerException" message="Cannot invoke &amp;quot;pageclasses.HomePage.getDriver()&amp;quot; because &amp;quot;this.homePage&amp;quot; is null">
      <![CDATA[java.lang.NullPointerException: Cannot invoke "pageclasses.HomePage.getDriver()" because "this.homePage" is null
at testbase.BaseTest.teardown(BaseTest.java:89)
at java.base/java.util.ArrayList.forEach(ArrayList.java:1596)
at java.base/java.util.concurrent.FutureTask.run(FutureTask.java:317)
at java.base/java.util.concurrent.ThreadPoolExecutor.runWorker(ThreadPoolExecutor.java:1144)
at java.base/java.util.concurrent.ThreadPoolExecutor$Worker.run(ThreadPoolExecutor.java:642)
at java.base/java.lang.Thread.run(Thread.java:1583)
... Removed 20 stack frames]]>
    </failure>
  </testcase> <!-- @AfterMethod teardown -->
  <testcase classname="testbase.BaseTest" name="@AfterMethod teardown" time="0.003">
    <failure type="java.lang.NullPointerException" message="Cannot invoke &amp;quot;pageclasses.HomePage.getDriver()&amp;quot; because &amp;quot;this.homePage&amp;quot; is null">
      <![CDATA[java.lang.NullPointerException: Cannot invoke "pageclasses.HomePage.getDriver()" because "this.homePage" is null
at testbase.BaseTest.teardown(BaseTest.java:89)
at java.base/java.util.ArrayList.forEach(ArrayList.java:1596)
at java.base/java.util.concurrent.FutureTask.run(FutureTask.java:317)
at java.base/java.util.concurrent.ThreadPoolExecutor.runWorker(ThreadPoolExecutor.java:1144)
at java.base/java.util.concurrent.ThreadPoolExecutor$Worker.run(ThreadPoolExecutor.java:642)
at java.base/java.lang.Thread.run(Thread.java:1583)
... Removed 20 stack frames]]>
    </failure>
  </testcase> <!-- @AfterMethod teardown -->
  <testcase classname="testcases.SearchProductTest" name="verifyproductsearchTest" time="0.001">
    <skipped/>
  </testcase> <!-- verifyproductsearchTest -->
</testsuite> <!-- Test4 -->
